[01:32:51.943] Global cache location '/home/syfers/.cache/typescript/4.1', safe file path '/home/syfers/Documents/Shocklogic/card-6044-import-frontend/node_modules/typescript/lib/typingSafeList.json', types map path /home/syfers/Documents/Shocklogic/card-6044-import-frontend/node_modules/typescript/lib/typesMap.json
[01:32:51.944] Processing cache location '/home/syfers/.cache/typescript/4.1'
[01:32:51.944] Trying to find '/home/syfers/.cache/typescript/4.1/package.json'...
[01:32:51.949] Loaded content of '/home/syfers/.cache/typescript/4.1/package.json': {"private":true,"dependencies":{"types-registry":"^0.1.587"},"devDependencies":{"@types/accepts":"^1.3.5","@types/argparse":"^2.0.10","@types/arr-diff":"^4.0.0","@types/arr-union":"^3.1.0","@types/array-unique":"^0.3.0","@types/asn1":"^0.2.0","@types/assert":"^1.5.6","@types/assert-plus":"^1.0.4","@types/async":"^3.2.12","@types/atob":"^2.1.2","@types/aws4":"^1.11.1","@types/babel-code-frame":"^6.20.5","@types/balanced-match":"^1.0.2","@types/big.js":"^6.1.3","@types/bluebird":"^3.5.36","@types/bn.js":"^5.1.0","@types/body-parser":"^1.19.2","@types/bonjour":"^3.5.10","@types/boolbase":"^1.0.1","@types/bootstrap":"^5.1.9","@types/brace-expansion":"^1.1.0","@types/braces":"^3.0.1","@types/brorand":"^1.0.30","@types/buffer-from":"^1.1.0","@types/buffer-json":"^2.0.1","@types/buffer-xor":"^2.0.0","@types/bytes":"^3.1.1","@types/cacache":"^15.0.1","@types/call-bind":"^1.0.0","@types/camelcase-css":"^2.0.0","@types/caniuse-api":"^3.0.2","@types/caniuse-lite":"^1.0.1","@types/case-sensitive-paths-webpack-plugin":"^2.1.6","@types/caseless":"^0.12.2","@types/charcodes":"^0.2.0","@types/chardet":"^0.8.1","@types/check-types":"^7.3.3","@types/chownr":"^1.0.0","@types/cipher-base":"^1.0.1","@types/clean-css":"^4.2.5","@types/cli-spinners":"^1.3.0","@types/clone":"^2.1.1","@types/color":"^3.0.3","@types/color-convert":"^2.0.0","@types/color-name":"^1.1.1","@types/color-string":"^1.5.2","@types/combined-stream":"^1.0.3","@types/common-tags":"^1.8.1","@types/commondir":"^1.0.0","@types/component-emitter":"^1.2.11","@types/compressible":"^2.0.0","@types/compression":"^1.7.2","@types/concat-map":"^0.0.1","@types/concat-stream":"^2.0.0","@types/connect-history-api-fallback":"^1.3.5","@types/consolidate":"^0.14.1","@types/content-disposition":"^0.5.4","@types/content-type":"^1.1.5","@types/convert-source-map":"^1.5.2","@types/cookie":"^0.4.1","@types/cookie-signature":"^1.0.4","@types/core-js":"^2.5.5","@types/create-hash":"^1.2.2","@types/create-hmac":"^1.1.0","@types/cross-spawn":"^6.0.2","@types/css-declaration-sorter":"^6.0.1","@types/css-tree":"^1.0.7","@types/cssesc":"^3.0.0","@types/csso":"^5.0.0","@types/dashdash":"^1.14.1","@types/debug":"^4.1.7","@types/decode-uri-component":"^0.2.0","@types/deep-equal":"^1.0.1","@types/default-gateway":"^3.0.1","@types/defaults":"^1.0.3","@types/define-properties":"^1.1.3","@types/defined":"^1.0.0","@types/depd":"^1.1.32","@types/destroy":"^1.0.0","@types/detect-node":"^2.0.0","@types/detective":"^5.1.2","@types/didyoumean":"^1.2.0","@types/diff":"^5.0.2","@types/diffie-hellman":"^5.0.0","@types/dir-glob":"^2.0.1","@types/dlv":"^1.1.2","@types/dns-packet":"^5.2.4","@types/doctrine":"^0.0.5","@types/duplexify":"^3.6.1","@types/ee-first":"^1.1.0","@types/ejs":"^3.1.0","@types/elliptic":"^6.4.14","@types/encodeurl":"^1.0.0","@types/end-of-stream":"^1.4.1","@types/enhanced-resolve":"^3.0.7","@types/es-abstract":"^1.17.3","@types/es-to-primitive":"^1.2.4","@types/escape-html":"^1.0.1","@types/eslint":"^8.4.1","@types/eslint-scope":"^3.7.3","@types/eslint-utils":"^3.0.1","@types/eslint-visitor-keys":"^1.0.0","@types/esprima":"^4.0.3","@types/esquery":"^1.0.2","@types/estraverse":"^5.1.1","@types/esutils":"^2.0.0","@types/etag":"^1.8.1","@types/events":"^3.0.0","@types/eventsource":"^1.1.8","@types/express":"^4.17.13","@types/extend":"^3.0.1","@types/extsprintf":"^1.4.2","@types/fast-levenshtein":"^0.0.2","@types/file-entry-cache":"^5.0.2","@types/file-loader":"^5.0.1","@types/fill-range":"^7.0.0","@types/finalhandler":"^1.1.1","@types/find-cache-dir":"^3.2.1","@types/flat-cache":"^2.0.0","@types/flush-write-stream":"^1.0.0","@types/follow-redirects":"^1.14.1","@types/forever-agent":"^0.6.1","@types/forwarded":"^0.1.0","@types/fresh":"^0.5.0","@types/from2":"^2.3.1","@types/fs-extra":"^9.0.13","@types/function-bind":"^1.1.6","@types/functional-red-black-tree":"^1.0.1","@types/get-intrinsic":"^1.0.0","@types/get-value":"^3.0.2","@types/getpass":"^0.1.1","@types/glob":"^7.2.0","@types/glob-parent":"^5.1.1","@types/glob-to-regexp":"^0.4.1","@types/graceful-fs":"^4.1.5","@types/has":"^1.0.0","@types/has-ansi":"^5.0.0","@types/has-symbols":"^1.0.0","@types/hash-sum":"^1.0.0","@types/he":"^1.1.2","@types/hex-color-regex":"^1.1.1","@types/hosted-git-info":"^3.0.2","@types/html-minifier":"^4.0.2","@types/html-webpack-plugin":"^3.2.6","@types/http-errors":"^1.8.2","@types/http-proxy":"^1.17.8","@types/icss-utils":"^5.1.0","@types/iferr":"^1.0.2","@types/imurmurhash":"^0.1.1","@types/inherits":"^0.0.30","@types/inquirer":"^7.3.3","@types/internal-slot":"^1.0.1","@types/ip":"^1.1.0","@types/is-arguments":"^1.0.0","@types/is-bigint":"^1.0.0","@types/is-boolean-object":"^1.1.0","@types/is-buffer":"^2.0.0","@types/is-callable":"^1.1.0","@types/is-ci":"^3.0.0","@types/is-core-module":"^2.2.0","@types/is-data-descriptor":"^1.0.0","@types/is-date-object":"^1.0.2","@types/is-glob":"^4.0.2","@types/is-number":"^7.0.3","@types/is-regex":"^1.0.0","@types/is-string":"^1.0.0","@types/is-typedarray":"^1.0.0","@types/is-windows":"^1.0.0","@types/isarray":"^2.0.0","@types/isexe":"^2.0.1","@types/isstream":"^0.1.0","@types/js-yaml":"^4.0.5","@types/jsbn":"^1.2.30","@types/jsesc":"^3.0.1","@types/json-parse-better-errors":"^1.0.0","@types/json-schema":"^7.0.11","@types/json-stringify-safe":"^5.0.0","@types/json3":"^3.3.2","@types/jsonfile":"^6.1.0","@types/kind-of":"^6.0.0","@types/loader-runner":"^2.2.4","@types/loader-utils":"^2.0.3","@types/lodash":"^4.14.181","@types/lodash.debounce":"^4.0.6","@types/lodash.defaultsdeep":"^4.6.6","@types/lodash.kebabcase":"^4.1.6","@types/lodash.mapvalues":"^4.6.6","@types/lodash.memoize":"^4.1.6","@types/lodash.topath":"^4.5.6","@types/lodash.transform":"^4.6.6","@types/lodash.uniq":"^4.5.6","@types/lru-cache":"^7.6.1","@types/media-typer":"^1.1.1","@types/memory-fs":"^0.3.3","@types/merge-descriptors":"^1.0.1","@types/merge-stream":"^1.1.2","@types/merge2":"^1.3.1","@types/methods":"^1.1.1","@types/micromatch":"^4.0.2","@types/mime":"^2.0.3","@types/mime-db":"^1.43.1","@types/mime-types":"^2.1.1","@types/minimalistic-assert":"^1.0.1","@types/minimatch":"^3.0.5","@types/minimist":"^1.2.2","@types/minipass":"^3.1.2","@types/mkdirp":"^1.0.2","@types/move-concurrently":"^1.0.4","@types/ms":"^0.7.31","@types/multicast-dns":"^7.2.1","@types/mute-stream":"^0.0.1","@types/mz":"^2.7.4","@types/natural-compare":"^1.4.1","@types/negotiator":"^0.6.1","@types/nice-try":"^2.1.0","@types/node-emoji":"^1.8.1","@types/node-forge":"^1.0.1","@types/node-ipc":"^9.2.0","@types/normalize-package-data":"^2.4.1","@types/normalize-path":"^3.0.0","@types/num2fraction":"^1.2.0","@types/object-assign":"^4.0.30","@types/object-hash":"^2.2.1","@types/object-inspect":"^1.8.1","@types/object-keys":"^1.0.1","@types/object.getownpropertydescriptors":"^2.1.1","@types/object.pick":"^1.3.1","@types/on-finished":"^2.3.1","@types/on-headers":"^1.0.0","@types/once":"^1.4.0","@types/opener":"^1.4.0","@types/original":"^1.0.0","@types/os-tmpdir":"^1.0.0","@types/pako":"^1.0.3","@types/parallel-transform":"^1.1.1","@types/parse-json":"^4.0.0","@types/parse5":"^6.0.3","@types/parse5-htmlparser2-tree-adapter":"^6.0.1","@types/parseurl":"^1.3.1","@types/pascalcase":"^1.0.1","@types/path-browserify":"^1.0.0","@types/path-is-absolute":"^1.0.0","@types/path-is-inside":"^1.0.0","@types/path-parse":"^1.0.19","@types/pbkdf2":"^3.1.0","@types/picomatch":"^2.3.0","@types/pify":"^5.0.1","@types/pkginfo":"^0.4.0","@types/postcss-modules-extract-imports":"^3.0.2","@types/postcss-modules-local-by-default":"^4.0.0","@types/postcss-modules-scope":"^3.0.0","@types/postcss-modules-values":"^4.0.0","@types/prelude-ls":"^1.1.29","@types/prettier":"^2.4.4","@types/pretty-hrtime":"^1.0.1","@types/progress":"^2.0.5","@types/promise-inflight":"^1.0.0","@types/proxy-addr":"^2.0.0","@types/psl":"^1.1.0","@types/pump":"^1.1.1","@types/pumpify":"^1.4.1","@types/punycode":"^2.1.0","@types/q":"^1.5.5","@types/qs":"^6.9.7","@types/querystringify":"^2.0.0","@types/randombytes":"^2.0.0","@types/range-parser":"^1.2.4","@types/readable-stream":"^2.3.13","@types/regenerate":"^1.4.1","@types/regenerator-runtime":"^0.13.1","@types/regex-not":"^1.0.0","@types/relateurl":"^0.2.29","@types/repeat-element":"^1.1.1","@types/repeat-string":"^1.6.3","@types/request":"^2.48.8","@types/require-directory":"^2.1.2","@types/requires-port":"^1.0.0","@types/resolve":"^1.20.1","@types/retry":"^0.12.1","@types/rimraf":"^3.0.2","@types/ripemd160":"^2.0.0","@types/run-parallel":"^1.1.0","@types/safe-regex":"^1.1.3","@types/safer-buffer":"^2.1.0","@types/sax":"^1.2.4","@types/semver":"^7.3.9","@types/send":"^0.17.1","@types/serialize-javascript":"^5.0.2","@types/serve-index":"^1.9.1","@types/serve-static":"^1.13.10","@types/set-value":"^4.0.1","@types/setimmediate":"^1.0.2","@types/sha.js":"^2.4.0","@types/shebang-command":"^1.2.0","@types/shell-quote":"^1.7.1","@types/signal-exit":"^3.0.1","@types/simple-swizzle":"^0.2.0","@types/slice-ansi":"^5.0.0","@types/sockjs":"^0.3.33","@types/sockjs-client":"^1.5.1","@types/source-list-map":"^0.1.2","@types/source-map-support":"^0.5.4","@types/spdx-correct":"^2.0.0","@types/spdx-expression-parse":"^3.0.1","@types/spdy":"^3.4.5","@types/sprintf":"^0.1.0","@types/sprintf-js":"^1.1.2","@types/sshpk":"^1.17.0","@types/ssri":"^7.1.1","@types/statuses":"^2.0.0","@types/stream-each":"^1.2.0","@types/stream-shift":"^1.0.0","@types/strict-uri-encode":"^2.0.0","@types/strip-final-newline":"^3.0.0","@types/supports-color":"^8.1.1","@types/svg-tags":"^1.0.0","@types/svgo":"^2.6.3","@types/tailwindcss":"^3.0.10","@types/tapable":"^2.2.2","@types/text-table":"^0.2.2","@types/through":"^0.0.30","@types/through2":"^2.0.36","@types/thunky":"^1.1.0","@types/timsort":"^0.3.0","@types/tmp":"^0.2.3","@types/to-regex":"^3.0.0","@types/to-regex-range":"^5.0.0","@types/toposort":"^2.0.3","@types/tough-cookie":"^4.0.1","@types/tryer":"^1.0.2","@types/type-check":"^0.3.27","@types/type-is":"^1.6.3","@types/uglify-js":"^3.13.1","@types/uniq":"^0.0.27","@types/universalify":"^1.0.0","@types/urix":"^0.1.0","@types/url-parse":"^1.4.8","@types/util-deprecate":"^1.0.0","@types/util.promisify":"^1.0.4","@types/utils-merge":"^0.0.28","@types/uuid":"^8.3.4","@types/validate-npm-package-license":"^3.0.1","@types/vary":"^1.1.0","@types/verror":"^1.10.5","@types/watchpack":"^1.1.7","@types/wcwidth":"^1.0.0","@types/webpack":"^5.28.0","@types/webpack-bundle-analyzer":"^4.4.1","@types/webpack-sources":"^3.2.0","@types/which":"^2.0.1","@types/wrap-ansi":"^8.0.1","@types/write":"^2.0.1","@types/ws":"^8.5.3","@types/xtend":"^4.0.4","@types/yallist":"^4.0.1","@types/yargs":"^17.0.10","@types/yargs-parser":"^21.0.0"}}
[01:32:51.949] Loaded content of '/home/syfers/.cache/typescript/4.1/package-lock.json'
[01:32:51.956] Adding entry into typings cache: 'accepts' => '/home/syfers/.cache/typescript/4.1/node_modules/@types/accepts/index.d.ts'
[01:32:51.958] Adding entry into typings cache: 'argparse' => '/home/syfers/.cache/typescript/4.1/node_modules/@types/argparse/index.d.ts'
[01:32:51.960] Adding entry into typings cache: 'arr-diff' => '/home/syfers/.cache/typescript/4.1/node_modules/@types/arr-diff/index.d.ts'
[01:32:51.961] Adding entry into typings cache: 'arr-union' => '/home/syfers/.cache/typescript/4.1/node_modules/@types/arr-union/index.d.ts'
[01:32:51.963] Adding entry into typings cache: 'array-unique' => '/home/syfers/.cache/typescript/4.1/node_modules/@types/array-unique/index.d.ts'
[01:32:51.964] Adding entry into typings cache: 'asn1' => '/home/syfers/.cache/typescript/4.1/node_modules/@types/asn1/index.d.ts'
[01:32:51.964] Adding entry into typings cache: 'assert' => '/home/syfers/.cache/typescript/4.1/node_modules/@types/assert/index.d.ts'
[01:32:51.965] Adding entry into typings cache: 'assert-plus' => '/home/syfers/.cache/typescript/4.1/node_modules/@types/assert-plus/index.d.ts'
[01:32:51.967] Adding entry into typings cache: 'async' => '/home/syfers/.cache/typescript/4.1/node_modules/@types/async/index.d.ts'
[01:32:51.968] Adding entry into typings cache: 'atob' => '/home/syfers/.cache/typescript/4.1/node_modules/@types/atob/index.d.ts'
[01:32:51.969] Adding entry into typings cache: 'aws4' => '/home/syfers/.cache/typescript/4.1/node_modules/@types/aws4/index.d.ts'
[01:32:51.970] Adding entry into typings cache: 'babel-code-frame' => '/home/syfers/.cache/typescript/4.1/node_modules/@types/babel-code-frame/index.d.ts'
[01:32:51.970] Adding entry into typings cache: 'balanced-match' => '/home/syfers/.cache/typescript/4.1/node_modules/@types/balanced-match/index.d.ts'
[01:32:51.971] Adding entry into typings cache: 'big.js' => '/home/syfers/.cache/typescript/4.1/node_modules/@types/big.js/index.d.ts'
[01:32:51.972] Adding entry into typings cache: 'bluebird' => '/home/syfers/.cache/typescript/4.1/node_modules/@types/bluebird/ts4.1/index.d.ts'
[01:32:51.973] Adding entry into typings cache: 'bn.js' => '/home/syfers/.cache/typescript/4.1/node_modules/@types/bn.js/index.d.ts'
[01:32:51.974] Adding entry into typings cache: 'body-parser' => '/home/syfers/.cache/typescript/4.1/node_modules/@types/body-parser/index.d.ts'
[01:32:51.975] Adding entry into typings cache: 'bonjour' => '/home/syfers/.cache/typescript/4.1/node_modules/@types/bonjour/index.d.ts'
[01:32:51.975] Adding entry into typings cache: 'boolbase' => '/home/syfers/.cache/typescript/4.1/node_modules/@types/boolbase/index.d.ts'
[01:32:51.976] Adding entry into typings cache: 'bootstrap' => '/home/syfers/.cache/typescript/4.1/node_modules/@types/bootstrap/index.d.ts'
[01:32:51.976] Adding entry into typings cache: 'brace-expansion' => '/home/syfers/.cache/typescript/4.1/node_modules/@types/brace-expansion/index.d.ts'
[01:32:51.978] Adding entry into typings cache: 'braces' => '/home/syfers/.cache/typescript/4.1/node_modules/@types/braces/index.d.ts'
[01:32:51.978] Adding entry into typings cache: 'brorand' => '/home/syfers/.cache/typescript/4.1/node_modules/@types/brorand/index.d.ts'
[01:32:51.979] Adding entry into typings cache: 'buffer-from' => '/home/syfers/.cache/typescript/4.1/node_modules/@types/buffer-from/index.d.ts'
[01:32:51.979] Adding entry into typings cache: 'buffer-json' => '/home/syfers/.cache/typescript/4.1/node_modules/@types/buffer-json/index.d.ts'
[01:32:51.979] Adding entry into typings cache: 'buffer-xor' => '/home/syfers/.cache/typescript/4.1/node_modules/@types/buffer-xor/index.d.ts'
[01:32:51.980] Adding entry into typings cache: 'bytes' => '/home/syfers/.cache/typescript/4.1/node_modules/@types/bytes/index.d.ts'
[01:32:51.980] Adding entry into typings cache: 'cacache' => '/home/syfers/.cache/typescript/4.1/node_modules/@types/cacache/index.d.ts'
[01:32:51.981] Adding entry into typings cache: 'call-bind' => '/home/syfers/.cache/typescript/4.1/node_modules/@types/call-bind/index.d.ts'
[01:32:51.981] Adding entry into typings cache: 'camelcase-css' => '/home/syfers/.cache/typescript/4.1/node_modules/@types/camelcase-css/index.d.ts'
[01:32:51.982] Adding entry into typings cache: 'caniuse-api' => '/home/syfers/.cache/typescript/4.1/node_modules/@types/caniuse-api/index.d.ts'
[01:32:51.982] Adding entry into typings cache: 'caniuse-lite' => '/home/syfers/.cache/typescript/4.1/node_modules/@types/caniuse-lite/index.d.ts'
[01:32:51.983] Adding entry into typings cache: 'case-sensitive-paths-webpack-plugin' => '/home/syfers/.cache/typescript/4.1/node_modules/@types/case-sensitive-paths-webpack-plugin/index.d.ts'
[01:32:51.983] Adding entry into typings cache: 'caseless' => '/home/syfers/.cache/typescript/4.1/node_modules/@types/caseless/index.d.ts'
[01:32:51.984] Adding entry into typings cache: 'charcodes' => '/home/syfers/.cache/typescript/4.1/node_modules/@types/charcodes/index.d.ts'
[01:32:51.984] Adding entry into typings cache: 'chardet' => '/home/syfers/.cache/typescript/4.1/node_modules/@types/chardet/index.d.ts'
[01:32:51.984] Adding entry into typings cache: 'check-types' => '/home/syfers/.cache/typescript/4.1/node_modules/@types/check-types/index.d.ts'
[01:32:51.985] Adding entry into typings cache: 'chownr' => '/home/syfers/.cache/typescript/4.1/node_modules/@types/chownr/index.d.ts'
[01:32:51.985] Adding entry into typings cache: 'cipher-base' => '/home/syfers/.cache/typescript/4.1/node_modules/@types/cipher-base/index.d.ts'
[01:32:51.986] Adding entry into typings cache: 'clean-css' => '/home/syfers/.cache/typescript/4.1/node_modules/@types/clean-css/index.d.ts'
[01:32:51.986] Adding entry into typings cache: 'cli-spinners' => '/home/syfers/.cache/typescript/4.1/node_modules/@types/cli-spinners/index.d.ts'
[01:32:51.986] Adding entry into typings cache: 'clone' => '/home/syfers/.cache/typescript/4.1/node_modules/@types/clone/index.d.ts'
[01:32:51.987] Adding entry into typings cache: 'color' => '/home/syfers/.cache/typescript/4.1/node_modules/@types/color/index.d.ts'
[01:32:51.987] Adding entry into typings cache: 'color-convert' => '/home/syfers/.cache/typescript/4.1/node_modules/@types/color-convert/index.d.ts'
[01:32:51.988] Adding entry into typings cache: 'color-name' => '/home/syfers/.cache/typescript/4.1/node_modules/@types/color-name/index.d.ts'
[01:32:51.988] Adding entry into typings cache: 'color-string' => '/home/syfers/.cache/typescript/4.1/node_modules/@types/color-string/index.d.ts'
[01:32:51.989] Adding entry into typings cache: 'combined-stream' => '/home/syfers/.cache/typescript/4.1/node_modules/@types/combined-stream/index.d.ts'
[01:32:51.990] Adding entry into typings cache: 'common-tags' => '/home/syfers/.cache/typescript/4.1/node_modules/@types/common-tags/index.d.ts'
[01:32:51.991] Adding entry into typings cache: 'commondir' => '/home/syfers/.cache/typescript/4.1/node_modules/@types/commondir/index.d.ts'
[01:32:51.993] Adding entry into typings cache: 'component-emitter' => '/home/syfers/.cache/typescript/4.1/node_modules/@types/component-emitter/index.d.ts'
[01:32:51.993] Adding entry into typings cache: 'compressible' => '/home/syfers/.cache/typescript/4.1/node_modules/@types/compressible/index.d.ts'
[01:32:51.994] Adding entry into typings cache: 'compression' => '/home/syfers/.cache/typescript/4.1/node_modules/@types/compression/index.d.ts'
[01:32:51.995] Adding entry into typings cache: 'concat-map' => '/home/syfers/.cache/typescript/4.1/node_modules/@types/concat-map/index.d.ts'
[01:32:51.996] Adding entry into typings cache: 'concat-stream' => '/home/syfers/.cache/typescript/4.1/node_modules/@types/concat-stream/index.d.ts'
[01:32:51.996] Adding entry into typings cache: 'connect-history-api-fallback' => '/home/syfers/.cache/typescript/4.1/node_modules/@types/connect-history-api-fallback/index.d.ts'
[01:32:51.997] Adding entry into typings cache: 'consolidate' => '/home/syfers/.cache/typescript/4.1/node_modules/@types/consolidate/index.d.ts'
[01:32:51.998] Adding entry into typings cache: 'content-disposition' => '/home/syfers/.cache/typescript/4.1/node_modules/@types/content-disposition/index.d.ts'
[01:32:51.998] Adding entry into typings cache: 'content-type' => '/home/syfers/.cache/typescript/4.1/node_modules/@types/content-type/index.d.ts'
[01:32:51.999] Adding entry into typings cache: 'convert-source-map' => '/home/syfers/.cache/typescript/4.1/node_modules/@types/convert-source-map/index.d.ts'
[01:32:52.000] Adding entry into typings cache: 'cookie' => '/home/syfers/.cache/typescript/4.1/node_modules/@types/cookie/index.d.ts'
[01:32:52.000] Adding entry into typings cache: 'cookie-signature' => '/home/syfers/.cache/typescript/4.1/node_modules/@types/cookie-signature/index.d.ts'
[01:32:52.001] Adding entry into typings cache: 'core-js' => '/home/syfers/.cache/typescript/4.1/node_modules/@types/core-js/index.d.ts'
[01:32:52.001] Adding entry into typings cache: 'create-hash' => '/home/syfers/.cache/typescript/4.1/node_modules/@types/create-hash/index.d.ts'
[01:32:52.002] Adding entry into typings cache: 'create-hmac' => '/home/syfers/.cache/typescript/4.1/node_modules/@types/create-hmac/index.d.ts'
[01:32:52.002] Adding entry into typings cache: 'cross-spawn' => '/home/syfers/.cache/typescript/4.1/node_modules/@types/cross-spawn/index.d.ts'
[01:32:52.003] Adding entry into typings cache: 'css-declaration-sorter' => '/home/syfers/.cache/typescript/4.1/node_modules/@types/css-declaration-sorter/index.d.ts'
[01:32:52.004] Adding entry into typings cache: 'css-tree' => '/home/syfers/.cache/typescript/4.1/node_modules/@types/css-tree/index.d.ts'
[01:32:52.005] Adding entry into typings cache: 'cssesc' => '/home/syfers/.cache/typescript/4.1/node_modules/@types/cssesc/index.d.ts'
[01:32:52.005] Adding entry into typings cache: 'csso' => '/home/syfers/.cache/typescript/4.1/node_modules/@types/csso/index.d.ts'
[01:32:52.006] Adding entry into typings cache: 'dashdash' => '/home/syfers/.cache/typescript/4.1/node_modules/@types/dashdash/index.d.ts'
[01:32:52.008] Adding entry into typings cache: 'debug' => '/home/syfers/.cache/typescript/4.1/node_modules/@types/debug/index.d.ts'
[01:32:52.009] Adding entry into typings cache: 'decode-uri-component' => '/home/syfers/.cache/typescript/4.1/node_modules/@types/decode-uri-component/index.d.ts'
[01:32:52.009] Adding entry into typings cache: 'deep-equal' => '/home/syfers/.cache/typescript/4.1/node_modules/@types/deep-equal/index.d.ts'
[01:32:52.010] Adding entry into typings cache: 'default-gateway' => '/home/syfers/.cache/typescript/4.1/node_modules/@types/default-gateway/index.d.ts'
[01:32:52.011] Adding entry into typings cache: 'defaults' => '/home/syfers/.cache/typescript/4.1/node_modules/@types/defaults/index.d.ts'
[01:32:52.011] Adding entry into typings cache: 'define-properties' => '/home/syfers/.cache/typescript/4.1/node_modules/@types/define-properties/index.d.ts'
[01:32:52.012] Adding entry into typings cache: 'defined' => '/home/syfers/.cache/typescript/4.1/node_modules/@types/defined/index.d.ts'
[01:32:52.012] Adding entry into typings cache: 'depd' => '/home/syfers/.cache/typescript/4.1/node_modules/@types/depd/index.d.ts'
[01:32:52.013] Adding entry into typings cache: 'destroy' => '/home/syfers/.cache/typescript/4.1/node_modules/@types/destroy/index.d.ts'
[01:32:52.013] Adding entry into typings cache: 'detect-node' => '/home/syfers/.cache/typescript/4.1/node_modules/@types/detect-node/index.d.ts'
[01:32:52.014] Adding entry into typings cache: 'detective' => '/home/syfers/.cache/typescript/4.1/node_modules/@types/detective/index.d.ts'
[01:32:52.014] Adding entry into typings cache: 'didyoumean' => '/home/syfers/.cache/typescript/4.1/node_modules/@types/didyoumean/index.d.ts'
[01:32:52.015] Adding entry into typings cache: 'diff' => '/home/syfers/.cache/typescript/4.1/node_modules/@types/diff/index.d.ts'
[01:32:52.015] Adding entry into typings cache: 'diffie-hellman' => '/home/syfers/.cache/typescript/4.1/node_modules/@types/diffie-hellman/index.d.ts'
[01:32:52.016] Adding entry into typings cache: 'dir-glob' => '/home/syfers/.cache/typescript/4.1/node_modules/@types/dir-glob/index.d.ts'
[01:32:52.016] Adding entry into typings cache: 'dlv' => '/home/syfers/.cache/typescript/4.1/node_modules/@types/dlv/index.d.ts'
[01:32:52.017] Adding entry into typings cache: 'dns-packet' => '/home/syfers/.cache/typescript/4.1/node_modules/@types/dns-packet/index.d.ts'
[01:32:52.017] Adding entry into typings cache: 'doctrine' => '/home/syfers/.cache/typescript/4.1/node_modules/@types/doctrine/index.d.ts'
[01:32:52.017] Adding entry into typings cache: 'duplexify' => '/home/syfers/.cache/typescript/4.1/node_modules/@types/duplexify/index.d.ts'
[01:32:52.018] Adding entry into typings cache: 'ee-first' => '/home/syfers/.cache/typescript/4.1/node_modules/@types/ee-first/index.d.ts'
[01:32:52.018] Adding entry into typings cache: 'ejs' => '/home/syfers/.cache/typescript/4.1/node_modules/@types/ejs/index.d.ts'
[01:32:52.018] Adding entry into typings cache: 'elliptic' => '/home/syfers/.cache/typescript/4.1/node_modules/@types/elliptic/index.d.ts'
[01:32:52.019] Adding entry into typings cache: 'encodeurl' => '/home/syfers/.cache/typescript/4.1/node_modules/@types/encodeurl/index.d.ts'
[01:32:52.019] Adding entry into typings cache: 'end-of-stream' => '/home/syfers/.cache/typescript/4.1/node_modules/@types/end-of-stream/index.d.ts'
[01:32:52.020] Adding entry into typings cache: 'enhanced-resolve' => '/home/syfers/.cache/typescript/4.1/node_modules/enhanced-resolve/types.d.ts'
[01:32:52.020] Adding entry into typings cache: 'es-abstract' => '/home/syfers/.cache/typescript/4.1/node_modules/@types/es-abstract/index.d.ts'
[01:32:52.020] Adding entry into typings cache: 'es-to-primitive' => '/home/syfers/.cache/typescript/4.1/node_modules/@types/es-to-primitive/index.d.ts'
[01:32:52.021] Adding entry into typings cache: 'escape-html' => '/home/syfers/.cache/typescript/4.1/node_modules/@types/escape-html/index.d.ts'
[01:32:52.022] Adding entry into typings cache: 'eslint' => '/home/syfers/.cache/typescript/4.1/node_modules/@types/eslint/index.d.ts'
[01:32:52.023] Adding entry into typings cache: 'eslint-scope' => '/home/syfers/.cache/typescript/4.1/node_modules/@types/eslint-scope/index.d.ts'
[01:32:52.023] Adding entry into typings cache: 'eslint-utils' => '/home/syfers/.cache/typescript/4.1/node_modules/@types/eslint-utils/index.d.ts'
[01:32:52.023] Adding entry into typings cache: 'eslint-visitor-keys' => '/home/syfers/.cache/typescript/4.1/node_modules/@types/eslint-visitor-keys/index.d.ts'
[01:32:52.024] Adding entry into typings cache: 'esprima' => '/home/syfers/.cache/typescript/4.1/node_modules/@types/esprima/index.d.ts'
[01:32:52.024] Adding entry into typings cache: 'esquery' => '/home/syfers/.cache/typescript/4.1/node_modules/@types/esquery/index.d.ts'
[01:32:52.025] Adding entry into typings cache: 'estraverse' => '/home/syfers/.cache/typescript/4.1/node_modules/@types/estraverse/index.d.ts'
[01:32:52.026] Adding entry into typings cache: 'esutils' => '/home/syfers/.cache/typescript/4.1/node_modules/@types/esutils/index.d.ts'
[01:32:52.026] Adding entry into typings cache: 'etag' => '/home/syfers/.cache/typescript/4.1/node_modules/@types/etag/index.d.ts'
[01:32:52.026] Adding entry into typings cache: 'events' => '/home/syfers/.cache/typescript/4.1/node_modules/@types/events/index.d.ts'
[01:32:52.027] Adding entry into typings cache: 'eventsource' => '/home/syfers/.cache/typescript/4.1/node_modules/@types/eventsource/index.d.ts'
[01:32:52.027] Adding entry into typings cache: 'express' => '/home/syfers/.cache/typescript/4.1/node_modules/@types/express/index.d.ts'
[01:32:52.028] Adding entry into typings cache: 'extend' => '/home/syfers/.cache/typescript/4.1/node_modules/@types/extend/index.d.ts'
[01:32:52.028] Adding entry into typings cache: 'extsprintf' => '/home/syfers/.cache/typescript/4.1/node_modules/@types/extsprintf/index.d.ts'
[01:32:52.028] Adding entry into typings cache: 'fast-levenshtein' => '/home/syfers/.cache/typescript/4.1/node_modules/@types/fast-levenshtein/index.d.ts'
[01:32:52.029] Adding entry into typings cache: 'file-entry-cache' => '/home/syfers/.cache/typescript/4.1/node_modules/@types/file-entry-cache/index.d.ts'
[01:32:52.029] Adding entry into typings cache: 'file-loader' => '/home/syfers/.cache/typescript/4.1/node_modules/@types/file-loader/index.d.ts'
[01:32:52.030] Adding entry into typings cache: 'fill-range' => '/home/syfers/.cache/typescript/4.1/node_modules/@types/fill-range/index.d.ts'
[01:32:52.030] Adding entry into typings cache: 'finalhandler' => '/home/syfers/.cache/typescript/4.1/node_modules/@types/finalhandler/index.d.ts'
[01:32:52.031] Adding entry into typings cache: 'find-cache-dir' => '/home/syfers/.cache/typescript/4.1/node_modules/@types/find-cache-dir/index.d.ts'
[01:32:52.031] Adding entry into typings cache: 'flat-cache' => '/home/syfers/.cache/typescript/4.1/node_modules/@types/flat-cache/index.d.ts'
[01:32:52.031] Adding entry into typings cache: 'flush-write-stream' => '/home/syfers/.cache/typescript/4.1/node_modules/@types/flush-write-stream/index.d.ts'
[01:32:52.032] Adding entry into typings cache: 'follow-redirects' => '/home/syfers/.cache/typescript/4.1/node_modules/@types/follow-redirects/index.d.ts'
[01:32:52.032] Adding entry into typings cache: 'forever-agent' => '/home/syfers/.cache/typescript/4.1/node_modules/@types/forever-agent/index.d.ts'
[01:32:52.032] Adding entry into typings cache: 'forwarded' => '/home/syfers/.cache/typescript/4.1/node_modules/@types/forwarded/index.d.ts'
[01:32:52.033] Adding entry into typings cache: 'fresh' => '/home/syfers/.cache/typescript/4.1/node_modules/@types/fresh/index.d.ts'
[01:32:52.033] Adding entry into typings cache: 'from2' => '/home/syfers/.cache/typescript/4.1/node_modules/@types/from2/index.d.ts'
[01:32:52.034] Adding entry into typings cache: 'fs-extra' => '/home/syfers/.cache/typescript/4.1/node_modules/@types/fs-extra/index.d.ts'
[01:32:52.034] Adding entry into typings cache: 'function-bind' => '/home/syfers/.cache/typescript/4.1/node_modules/@types/function-bind/index.d.ts'
[01:32:52.034] Adding entry into typings cache: 'functional-red-black-tree' => '/home/syfers/.cache/typescript/4.1/node_modules/@types/functional-red-black-tree/index.d.ts'
[01:32:52.035] Adding entry into typings cache: 'get-intrinsic' => '/home/syfers/.cache/typescript/4.1/node_modules/@types/get-intrinsic/index.d.ts'
[01:32:52.036] Adding entry into typings cache: 'get-value' => '/home/syfers/.cache/typescript/4.1/node_modules/@types/get-value/index.d.ts'
[01:32:52.036] Adding entry into typings cache: 'getpass' => '/home/syfers/.cache/typescript/4.1/node_modules/@types/getpass/index.d.ts'
[01:32:52.037] Adding entry into typings cache: 'glob' => '/home/syfers/.cache/typescript/4.1/node_modules/@types/glob/index.d.ts'
[01:32:52.038] Adding entry into typings cache: 'glob-parent' => '/home/syfers/.cache/typescript/4.1/node_modules/@types/glob-parent/index.d.ts'
[01:32:52.038] Adding entry into typings cache: 'glob-to-regexp' => '/home/syfers/.cache/typescript/4.1/node_modules/@types/glob-to-regexp/index.d.ts'
[01:32:52.039] Adding entry into typings cache: 'graceful-fs' => '/home/syfers/.cache/typescript/4.1/node_modules/@types/graceful-fs/index.d.ts'
[01:32:52.039] Adding entry into typings cache: 'has' => '/home/syfers/.cache/typescript/4.1/node_modules/@types/has/index.d.ts'
[01:32:52.040] Adding entry into typings cache: 'has-ansi' => '/home/syfers/.cache/typescript/4.1/node_modules/@types/has-ansi/index.d.ts'
[01:32:52.040] Adding entry into typings cache: 'has-symbols' => '/home/syfers/.cache/typescript/4.1/node_modules/@types/has-symbols/index.d.ts'
[01:32:52.041] Adding entry into typings cache: 'hash-sum' => '/home/syfers/.cache/typescript/4.1/node_modules/@types/hash-sum/index.d.ts'
[01:32:52.041] Adding entry into typings cache: 'he' => '/home/syfers/.cache/typescript/4.1/node_modules/@types/he/index.d.ts'
[01:32:52.041] Adding entry into typings cache: 'hex-color-regex' => '/home/syfers/.cache/typescript/4.1/node_modules/@types/hex-color-regex/index.d.ts'
[01:32:52.042] Adding entry into typings cache: 'hosted-git-info' => '/home/syfers/.cache/typescript/4.1/node_modules/@types/hosted-git-info/index.d.ts'
[01:32:52.042] Adding entry into typings cache: 'html-minifier' => '/home/syfers/.cache/typescript/4.1/node_modules/@types/html-minifier/index.d.ts'
[01:32:52.042] Adding entry into typings cache: 'html-webpack-plugin' => '/home/syfers/.cache/typescript/4.1/node_modules/@types/html-webpack-plugin/index.d.ts'
[01:32:52.043] Adding entry into typings cache: 'http-errors' => '/home/syfers/.cache/typescript/4.1/node_modules/@types/http-errors/index.d.ts'
[01:32:52.043] Adding entry into typings cache: 'http-proxy' => '/home/syfers/.cache/typescript/4.1/node_modules/@types/http-proxy/index.d.ts'
[01:32:52.043] Adding entry into typings cache: 'icss-utils' => '/home/syfers/.cache/typescript/4.1/node_modules/@types/icss-utils/index.d.ts'
[01:32:52.043] Adding entry into typings cache: 'iferr' => '/home/syfers/.cache/typescript/4.1/node_modules/@types/iferr/index.d.ts'
[01:32:52.043] Adding entry into typings cache: 'imurmurhash' => '/home/syfers/.cache/typescript/4.1/node_modules/@types/imurmurhash/index.d.ts'
[01:32:52.044] Adding entry into typings cache: 'inherits' => '/home/syfers/.cache/typescript/4.1/node_modules/@types/inherits/index.d.ts'
[01:32:52.044] Adding entry into typings cache: 'inquirer' => '/home/syfers/.cache/typescript/4.1/node_modules/@types/inquirer/index.d.ts'
[01:32:52.045] Adding entry into typings cache: 'internal-slot' => '/home/syfers/.cache/typescript/4.1/node_modules/@types/internal-slot/index.d.ts'
[01:32:52.045] Adding entry into typings cache: 'ip' => '/home/syfers/.cache/typescript/4.1/node_modules/@types/ip/index.d.ts'
[01:32:52.045] Adding entry into typings cache: 'is-arguments' => '/home/syfers/.cache/typescript/4.1/node_modules/@types/is-arguments/index.d.ts'
[01:32:52.045] Adding entry into typings cache: 'is-bigint' => '/home/syfers/.cache/typescript/4.1/node_modules/@types/is-bigint/index.d.ts'
[01:32:52.046] Adding entry into typings cache: 'is-boolean-object' => '/home/syfers/.cache/typescript/4.1/node_modules/@types/is-boolean-object/index.d.ts'
[01:32:52.046] Adding entry into typings cache: 'is-buffer' => '/home/syfers/.cache/typescript/4.1/node_modules/@types/is-buffer/index.d.ts'
[01:32:52.046] Adding entry into typings cache: 'is-callable' => '/home/syfers/.cache/typescript/4.1/node_modules/@types/is-callable/index.d.ts'
[01:32:52.046] Adding entry into typings cache: 'is-ci' => '/home/syfers/.cache/typescript/4.1/node_modules/@types/is-ci/index.d.ts'
[01:32:52.047] Adding entry into typings cache: 'is-core-module' => '/home/syfers/.cache/typescript/4.1/node_modules/@types/is-core-module/index.d.ts'
[01:32:52.047] Adding entry into typings cache: 'is-data-descriptor' => '/home/syfers/.cache/typescript/4.1/node_modules/@types/is-data-descriptor/index.d.ts'
[01:32:52.048] Adding entry into typings cache: 'is-date-object' => '/home/syfers/.cache/typescript/4.1/node_modules/@types/is-date-object/index.d.ts'
[01:32:52.048] Adding entry into typings cache: 'is-glob' => '/home/syfers/.cache/typescript/4.1/node_modules/@types/is-glob/index.d.ts'
[01:32:52.049] Adding entry into typings cache: 'is-number' => '/home/syfers/.cache/typescript/4.1/node_modules/@types/is-number/index.d.ts'
[01:32:52.049] Adding entry into typings cache: 'is-regex' => '/home/syfers/.cache/typescript/4.1/node_modules/@types/is-regex/index.d.ts'
[01:32:52.049] Adding entry into typings cache: 'is-string' => '/home/syfers/.cache/typescript/4.1/node_modules/@types/is-string/index.d.ts'
[01:32:52.049] Adding entry into typings cache: 'is-typedarray' => '/home/syfers/.cache/typescript/4.1/node_modules/@types/is-typedarray/index.d.ts'
[01:32:52.050] Adding entry into typings cache: 'is-windows' => '/home/syfers/.cache/typescript/4.1/node_modules/@types/is-windows/index.d.ts'
[01:32:52.050] Adding entry into typings cache: 'isarray' => '/home/syfers/.cache/typescript/4.1/node_modules/@types/isarray/index.d.ts'
[01:32:52.050] Adding entry into typings cache: 'isexe' => '/home/syfers/.cache/typescript/4.1/node_modules/@types/isexe/index.d.ts'
[01:32:52.051] Adding entry into typings cache: 'isstream' => '/home/syfers/.cache/typescript/4.1/node_modules/@types/isstream/index.d.ts'
[01:32:52.051] Adding entry into typings cache: 'js-yaml' => '/home/syfers/.cache/typescript/4.1/node_modules/@types/js-yaml/index.d.ts'
[01:32:52.051] Adding entry into typings cache: 'jsbn' => '/home/syfers/.cache/typescript/4.1/node_modules/@types/jsbn/index.d.ts'
[01:32:52.051] Adding entry into typings cache: 'jsesc' => '/home/syfers/.cache/typescript/4.1/node_modules/@types/jsesc/index.d.ts'
[01:32:52.052] Adding entry into typings cache: 'json-parse-better-errors' => '/home/syfers/.cache/typescript/4.1/node_modules/@types/json-parse-better-errors/index.d.ts'
[01:32:52.052] Adding entry into typings cache: 'json-schema' => '/home/syfers/.cache/typescript/4.1/node_modules/@types/json-schema/index.d.ts'
[01:32:52.052] Adding entry into typings cache: 'json-stringify-safe' => '/home/syfers/.cache/typescript/4.1/node_modules/@types/json-stringify-safe/index.d.ts'
[01:32:52.053] Adding entry into typings cache: 'json3' => '/home/syfers/.cache/typescript/4.1/node_modules/@types/json3/index.d.ts'
[01:32:52.053] Adding entry into typings cache: 'jsonfile' => '/home/syfers/.cache/typescript/4.1/node_modules/@types/jsonfile/index.d.ts'
[01:32:52.053] Adding entry into typings cache: 'kind-of' => '/home/syfers/.cache/typescript/4.1/node_modules/@types/kind-of/index.d.ts'
[01:32:52.054] Adding entry into typings cache: 'loader-runner' => '/home/syfers/.cache/typescript/4.1/node_modules/@types/loader-runner/index.d.ts'
[01:32:52.054] Adding entry into typings cache: 'loader-utils' => '/home/syfers/.cache/typescript/4.1/node_modules/@types/loader-utils/index.d.ts'
[01:32:52.055] Adding entry into typings cache: 'lodash' => '/home/syfers/.cache/typescript/4.1/node_modules/@types/lodash/index.d.ts'
[01:32:52.055] Adding entry into typings cache: 'lodash.debounce' => '/home/syfers/.cache/typescript/4.1/node_modules/@types/lodash.debounce/index.d.ts'
[01:32:52.055] Adding entry into typings cache: 'lodash.defaultsdeep' => '/home/syfers/.cache/typescript/4.1/node_modules/@types/lodash.defaultsdeep/index.d.ts'
[01:32:52.055] Adding entry into typings cache: 'lodash.kebabcase' => '/home/syfers/.cache/typescript/4.1/node_modules/@types/lodash.kebabcase/index.d.ts'
[01:32:52.056] Adding entry into typings cache: 'lodash.mapvalues' => '/home/syfers/.cache/typescript/4.1/node_modules/@types/lodash.mapvalues/index.d.ts'
[01:32:52.056] Adding entry into typings cache: 'lodash.memoize' => '/home/syfers/.cache/typescript/4.1/node_modules/@types/lodash.memoize/index.d.ts'
[01:32:52.056] Adding entry into typings cache: 'lodash.topath' => '/home/syfers/.cache/typescript/4.1/node_modules/@types/lodash.topath/index.d.ts'
[01:32:52.056] Adding entry into typings cache: 'lodash.transform' => '/home/syfers/.cache/typescript/4.1/node_modules/@types/lodash.transform/index.d.ts'
[01:32:52.056] Adding entry into typings cache: 'lodash.uniq' => '/home/syfers/.cache/typescript/4.1/node_modules/@types/lodash.uniq/index.d.ts'
[01:32:52.057] Adding entry into typings cache: 'lru-cache' => '/home/syfers/.cache/typescript/4.1/node_modules/@types/lru-cache/index.d.ts'
[01:32:52.057] Adding entry into typings cache: 'media-typer' => '/home/syfers/.cache/typescript/4.1/node_modules/@types/media-typer/index.d.ts'
[01:32:52.057] Adding entry into typings cache: 'memory-fs' => '/home/syfers/.cache/typescript/4.1/node_modules/@types/memory-fs/index.d.ts'
[01:32:52.057] Adding entry into typings cache: 'merge-descriptors' => '/home/syfers/.cache/typescript/4.1/node_modules/@types/merge-descriptors/index.d.ts'
[01:32:52.058] Adding entry into typings cache: 'merge-stream' => '/home/syfers/.cache/typescript/4.1/node_modules/@types/merge-stream/index.d.ts'
[01:32:52.058] Adding entry into typings cache: 'merge2' => '/home/syfers/.cache/typescript/4.1/node_modules/@types/merge2/index.d.ts'
[01:32:52.058] Adding entry into typings cache: 'methods' => '/home/syfers/.cache/typescript/4.1/node_modules/@types/methods/index.d.ts'
[01:32:52.059] Adding entry into typings cache: 'micromatch' => '/home/syfers/.cache/typescript/4.1/node_modules/@types/micromatch/index.d.ts'
[01:32:52.059] Adding entry into typings cache: 'mime' => '/home/syfers/.cache/typescript/4.1/node_modules/@types/mime/index.d.ts'
[01:32:52.059] Adding entry into typings cache: 'mime-db' => '/home/syfers/.cache/typescript/4.1/node_modules/@types/mime-db/index.d.ts'
[01:32:52.060] Adding entry into typings cache: 'mime-types' => '/home/syfers/.cache/typescript/4.1/node_modules/@types/mime-types/index.d.ts'
[01:32:52.060] Adding entry into typings cache: 'minimalistic-assert' => '/home/syfers/.cache/typescript/4.1/node_modules/@types/minimalistic-assert/index.d.ts'
[01:32:52.060] Adding entry into typings cache: 'minimatch' => '/home/syfers/.cache/typescript/4.1/node_modules/@types/minimatch/index.d.ts'
[01:32:52.060] Adding entry into typings cache: 'minimist' => '/home/syfers/.cache/typescript/4.1/node_modules/@types/minimist/index.d.ts'
[01:32:52.061] Adding entry into typings cache: 'minipass' => '/home/syfers/.cache/typescript/4.1/node_modules/@types/minipass/index.d.ts'
[01:32:52.061] Adding entry into typings cache: 'mkdirp' => '/home/syfers/.cache/typescript/4.1/node_modules/@types/mkdirp/index.d.ts'
[01:32:52.061] Adding entry into typings cache: 'move-concurrently' => '/home/syfers/.cache/typescript/4.1/node_modules/@types/move-concurrently/index.d.ts'
[01:32:52.061] Adding entry into typings cache: 'ms' => '/home/syfers/.cache/typescript/4.1/node_modules/@types/ms/index.d.ts'
[01:32:52.062] Adding entry into typings cache: 'multicast-dns' => '/home/syfers/.cache/typescript/4.1/node_modules/@types/multicast-dns/index.d.ts'
[01:32:52.062] Adding entry into typings cache: 'mute-stream' => '/home/syfers/.cache/typescript/4.1/node_modules/@types/mute-stream/index.d.ts'
[01:32:52.062] Adding entry into typings cache: 'mz' => '/home/syfers/.cache/typescript/4.1/node_modules/@types/mz/index.d.ts'
[01:32:52.062] Adding entry into typings cache: 'natural-compare' => '/home/syfers/.cache/typescript/4.1/node_modules/@types/natural-compare/index.d.ts'
[01:32:52.062] Adding entry into typings cache: 'negotiator' => '/home/syfers/.cache/typescript/4.1/node_modules/@types/negotiator/index.d.ts'
[01:32:52.063] Adding entry into typings cache: 'nice-try' => '/home/syfers/.cache/typescript/4.1/node_modules/@types/nice-try/index.d.ts'
[01:32:52.063] Adding entry into typings cache: 'node-emoji' => '/home/syfers/.cache/typescript/4.1/node_modules/@types/node-emoji/index.d.ts'
[01:32:52.063] Adding entry into typings cache: 'node-forge' => '/home/syfers/.cache/typescript/4.1/node_modules/@types/node-forge/index.d.ts'
[01:32:52.063] Adding entry into typings cache: 'node-ipc' => '/home/syfers/.cache/typescript/4.1/node_modules/@types/node-ipc/index.d.ts'
[01:32:52.063] Adding entry into typings cache: 'normalize-package-data' => '/home/syfers/.cache/typescript/4.1/node_modules/@types/normalize-package-data/index.d.ts'
[01:32:52.064] Adding entry into typings cache: 'normalize-path' => '/home/syfers/.cache/typescript/4.1/node_modules/@types/normalize-path/index.d.ts'
[01:32:52.064] Adding entry into typings cache: 'num2fraction' => '/home/syfers/.cache/typescript/4.1/node_modules/@types/num2fraction/index.d.ts'
[01:32:52.064] Adding entry into typings cache: 'object-assign' => '/home/syfers/.cache/typescript/4.1/node_modules/@types/object-assign/index.d.ts'
[01:32:52.064] Adding entry into typings cache: 'object-hash' => '/home/syfers/.cache/typescript/4.1/node_modules/@types/object-hash/index.d.ts'
[01:32:52.065] Adding entry into typings cache: 'object-inspect' => '/home/syfers/.cache/typescript/4.1/node_modules/@types/object-inspect/index.d.ts'
[01:32:52.065] Adding entry into typings cache: 'object-keys' => '/home/syfers/.cache/typescript/4.1/node_modules/@types/object-keys/index.d.ts'
[01:32:52.065] Adding entry into typings cache: 'object.getownpropertydescriptors' => '/home/syfers/.cache/typescript/4.1/node_modules/@types/object.getownpropertydescriptors/index.d.ts'
[01:32:52.065] Adding entry into typings cache: 'object.pick' => '/home/syfers/.cache/typescript/4.1/node_modules/@types/object.pick/index.d.ts'
[01:32:52.066] Adding entry into typings cache: 'on-finished' => '/home/syfers/.cache/typescript/4.1/node_modules/@types/on-finished/index.d.ts'
[01:32:52.066] Adding entry into typings cache: 'on-headers' => '/home/syfers/.cache/typescript/4.1/node_modules/@types/on-headers/index.d.ts'
[01:32:52.066] Adding entry into typings cache: 'once' => '/home/syfers/.cache/typescript/4.1/node_modules/@types/once/index.d.ts'
[01:32:52.066] Adding entry into typings cache: 'opener' => '/home/syfers/.cache/typescript/4.1/node_modules/@types/opener/index.d.ts'
[01:32:52.066] Adding entry into typings cache: 'original' => '/home/syfers/.cache/typescript/4.1/node_modules/@types/original/index.d.ts'
[01:32:52.066] Adding entry into typings cache: 'os-tmpdir' => '/home/syfers/.cache/typescript/4.1/node_modules/@types/os-tmpdir/index.d.ts'
[01:32:52.067] Adding entry into typings cache: 'pako' => '/home/syfers/.cache/typescript/4.1/node_modules/@types/pako/index.d.ts'
[01:32:52.067] Adding entry into typings cache: 'parallel-transform' => '/home/syfers/.cache/typescript/4.1/node_modules/@types/parallel-transform/index.d.ts'
[01:32:52.067] Adding entry into typings cache: 'parse-json' => '/home/syfers/.cache/typescript/4.1/node_modules/@types/parse-json/index.d.ts'
[01:32:52.067] Adding entry into typings cache: 'parse5' => '/home/syfers/.cache/typescript/4.1/node_modules/@types/parse5/index.d.ts'
[01:32:52.067] Adding entry into typings cache: 'parse5-htmlparser2-tree-adapter' => '/home/syfers/.cache/typescript/4.1/node_modules/@types/parse5-htmlparser2-tree-adapter/index.d.ts'
[01:32:52.067] Adding entry into typings cache: 'parseurl' => '/home/syfers/.cache/typescript/4.1/node_modules/@types/parseurl/index.d.ts'
[01:32:52.068] Adding entry into typings cache: 'pascalcase' => '/home/syfers/.cache/typescript/4.1/node_modules/@types/pascalcase/index.d.ts'
[01:32:52.068] Adding entry into typings cache: 'path-browserify' => '/home/syfers/.cache/typescript/4.1/node_modules/@types/path-browserify/index.d.ts'
[01:32:52.068] Adding entry into typings cache: 'path-is-absolute' => '/home/syfers/.cache/typescript/4.1/node_modules/@types/path-is-absolute/index.d.ts'
[01:32:52.069] Adding entry into typings cache: 'path-is-inside' => '/home/syfers/.cache/typescript/4.1/node_modules/@types/path-is-inside/index.d.ts'
[01:32:52.069] Adding entry into typings cache: 'path-parse' => '/home/syfers/.cache/typescript/4.1/node_modules/@types/path-parse/index.d.ts'
[01:32:52.069] Adding entry into typings cache: 'pbkdf2' => '/home/syfers/.cache/typescript/4.1/node_modules/@types/pbkdf2/index.d.ts'
[01:32:52.070] Adding entry into typings cache: 'picomatch' => '/home/syfers/.cache/typescript/4.1/node_modules/@types/picomatch/index.d.ts'
[01:32:52.070] Adding entry into typings cache: 'pify' => '/home/syfers/.cache/typescript/4.1/node_modules/@types/pify/index.d.ts'
[01:32:52.071] Adding entry into typings cache: 'pkginfo' => '/home/syfers/.cache/typescript/4.1/node_modules/@types/pkginfo/index.d.ts'
[01:32:52.071] Adding entry into typings cache: 'postcss-modules-extract-imports' => '/home/syfers/.cache/typescript/4.1/node_modules/@types/postcss-modules-extract-imports/index.d.ts'
[01:32:52.071] Adding entry into typings cache: 'postcss-modules-local-by-default' => '/home/syfers/.cache/typescript/4.1/node_modules/@types/postcss-modules-local-by-default/index.d.ts'
[01:32:52.072] Adding entry into typings cache: 'postcss-modules-scope' => '/home/syfers/.cache/typescript/4.1/node_modules/@types/postcss-modules-scope/index.d.ts'
[01:32:52.072] Adding entry into typings cache: 'postcss-modules-values' => '/home/syfers/.cache/typescript/4.1/node_modules/@types/postcss-modules-values/index.d.ts'
[01:32:52.072] Adding entry into typings cache: 'prelude-ls' => '/home/syfers/.cache/typescript/4.1/node_modules/@types/prelude-ls/index.d.ts'
[01:32:52.072] Adding entry into typings cache: 'prettier' => '/home/syfers/.cache/typescript/4.1/node_modules/@types/prettier/index.d.ts'
[01:32:52.073] Adding entry into typings cache: 'pretty-hrtime' => '/home/syfers/.cache/typescript/4.1/node_modules/@types/pretty-hrtime/index.d.ts'
[01:32:52.073] Adding entry into typings cache: 'progress' => '/home/syfers/.cache/typescript/4.1/node_modules/@types/progress/index.d.ts'
[01:32:52.073] Adding entry into typings cache: 'promise-inflight' => '/home/syfers/.cache/typescript/4.1/node_modules/@types/promise-inflight/index.d.ts'
[01:32:52.073] Adding entry into typings cache: 'proxy-addr' => '/home/syfers/.cache/typescript/4.1/node_modules/@types/proxy-addr/index.d.ts'
[01:32:52.074] Adding entry into typings cache: 'psl' => '/home/syfers/.cache/typescript/4.1/node_modules/@types/psl/index.d.ts'
[01:32:52.074] Adding entry into typings cache: 'pump' => '/home/syfers/.cache/typescript/4.1/node_modules/@types/pump/index.d.ts'
[01:32:52.074] Adding entry into typings cache: 'pumpify' => '/home/syfers/.cache/typescript/4.1/node_modules/@types/pumpify/index.d.ts'
[01:32:52.075] Adding entry into typings cache: 'punycode' => '/home/syfers/.cache/typescript/4.1/node_modules/@types/punycode/index.d.ts'
[01:32:52.075] Adding entry into typings cache: 'q' => '/home/syfers/.cache/typescript/4.1/node_modules/@types/q/index.d.ts'
[01:32:52.076] Adding entry into typings cache: 'qs' => '/home/syfers/.cache/typescript/4.1/node_modules/@types/qs/index.d.ts'
[01:32:52.076] Adding entry into typings cache: 'querystringify' => '/home/syfers/.cache/typescript/4.1/node_modules/@types/querystringify/index.d.ts'
[01:32:52.077] Adding entry into typings cache: 'randombytes' => '/home/syfers/.cache/typescript/4.1/node_modules/@types/randombytes/index.d.ts'
[01:32:52.077] Adding entry into typings cache: 'range-parser' => '/home/syfers/.cache/typescript/4.1/node_modules/@types/range-parser/index.d.ts'
[01:32:52.078] Adding entry into typings cache: 'readable-stream' => '/home/syfers/.cache/typescript/4.1/node_modules/@types/readable-stream/index.d.ts'
[01:32:52.079] Adding entry into typings cache: 'regenerate' => '/home/syfers/.cache/typescript/4.1/node_modules/@types/regenerate/index.d.ts'
[01:32:52.079] Adding entry into typings cache: 'regenerator-runtime' => '/home/syfers/.cache/typescript/4.1/node_modules/@types/regenerator-runtime/index.d.ts'
[01:32:52.079] Adding entry into typings cache: 'regex-not' => '/home/syfers/.cache/typescript/4.1/node_modules/@types/regex-not/index.d.ts'
[01:32:52.080] Adding entry into typings cache: 'relateurl' => '/home/syfers/.cache/typescript/4.1/node_modules/@types/relateurl/index.d.ts'
[01:32:52.080] Adding entry into typings cache: 'repeat-element' => '/home/syfers/.cache/typescript/4.1/node_modules/@types/repeat-element/index.d.ts'
[01:32:52.081] Adding entry into typings cache: 'repeat-string' => '/home/syfers/.cache/typescript/4.1/node_modules/@types/repeat-string/index.d.ts'
[01:32:52.081] Adding entry into typings cache: 'request' => '/home/syfers/.cache/typescript/4.1/node_modules/@types/request/index.d.ts'
[01:32:52.081] Adding entry into typings cache: 'require-directory' => '/home/syfers/.cache/typescript/4.1/node_modules/@types/require-directory/index.d.ts'
[01:32:52.081] Adding entry into typings cache: 'requires-port' => '/home/syfers/.cache/typescript/4.1/node_modules/@types/requires-port/index.d.ts'
[01:32:52.082] Adding entry into typings cache: 'resolve' => '/home/syfers/.cache/typescript/4.1/node_modules/@types/resolve/index.d.ts'
[01:32:52.082] Adding entry into typings cache: 'retry' => '/home/syfers/.cache/typescript/4.1/node_modules/@types/retry/index.d.ts'
[01:32:52.082] Adding entry into typings cache: 'rimraf' => '/home/syfers/.cache/typescript/4.1/node_modules/@types/rimraf/index.d.ts'
[01:32:52.082] Adding entry into typings cache: 'ripemd160' => '/home/syfers/.cache/typescript/4.1/node_modules/@types/ripemd160/index.d.ts'
[01:32:52.083] Adding entry into typings cache: 'run-parallel' => '/home/syfers/.cache/typescript/4.1/node_modules/@types/run-parallel/index.d.ts'
[01:32:52.083] Adding entry into typings cache: 'safe-regex' => '/home/syfers/.cache/typescript/4.1/node_modules/@types/safe-regex/index.d.ts'
[01:32:52.083] Adding entry into typings cache: 'safer-buffer' => '/home/syfers/.cache/typescript/4.1/node_modules/@types/safer-buffer/index.d.ts'
[01:32:52.084] Adding entry into typings cache: 'sax' => '/home/syfers/.cache/typescript/4.1/node_modules/@types/sax/index.d.ts'
[01:32:52.084] Adding entry into typings cache: 'semver' => '/home/syfers/.cache/typescript/4.1/node_modules/@types/semver/index.d.ts'
[01:32:52.084] Adding entry into typings cache: 'send' => '/home/syfers/.cache/typescript/4.1/node_modules/@types/send/index.d.ts'
[01:32:52.084] Adding entry into typings cache: 'serialize-javascript' => '/home/syfers/.cache/typescript/4.1/node_modules/@types/serialize-javascript/index.d.ts'
[01:32:52.085] Adding entry into typings cache: 'serve-index' => '/home/syfers/.cache/typescript/4.1/node_modules/@types/serve-index/index.d.ts'
[01:32:52.085] Adding entry into typings cache: 'serve-static' => '/home/syfers/.cache/typescript/4.1/node_modules/@types/serve-static/index.d.ts'
[01:32:52.085] Adding entry into typings cache: 'set-value' => '/home/syfers/.cache/typescript/4.1/node_modules/@types/set-value/index.d.ts'
[01:32:52.086] Adding entry into typings cache: 'setimmediate' => '/home/syfers/.cache/typescript/4.1/node_modules/@types/setimmediate/index.d.ts'
[01:32:52.086] Adding entry into typings cache: 'sha.js' => '/home/syfers/.cache/typescript/4.1/node_modules/@types/sha.js/index.d.ts'
[01:32:52.086] Adding entry into typings cache: 'shebang-command' => '/home/syfers/.cache/typescript/4.1/node_modules/@types/shebang-command/index.d.ts'
[01:32:52.086] Adding entry into typings cache: 'shell-quote' => '/home/syfers/.cache/typescript/4.1/node_modules/@types/shell-quote/index.d.ts'
[01:32:52.086] Adding entry into typings cache: 'signal-exit' => '/home/syfers/.cache/typescript/4.1/node_modules/@types/signal-exit/index.d.ts'
[01:32:52.087] Adding entry into typings cache: 'simple-swizzle' => '/home/syfers/.cache/typescript/4.1/node_modules/@types/simple-swizzle/index.d.ts'
[01:32:52.087] Adding entry into typings cache: 'slice-ansi' => '/home/syfers/.cache/typescript/4.1/node_modules/@types/slice-ansi/index.d.ts'
[01:32:52.087] Adding entry into typings cache: 'sockjs' => '/home/syfers/.cache/typescript/4.1/node_modules/@types/sockjs/index.d.ts'
[01:32:52.087] Adding entry into typings cache: 'sockjs-client' => '/home/syfers/.cache/typescript/4.1/node_modules/@types/sockjs-client/index.d.ts'
[01:32:52.087] Adding entry into typings cache: 'source-list-map' => '/home/syfers/.cache/typescript/4.1/node_modules/@types/source-list-map/index.d.ts'
[01:32:52.088] Adding entry into typings cache: 'source-map-support' => '/home/syfers/.cache/typescript/4.1/node_modules/@types/source-map-support/index.d.ts'
[01:32:52.088] Adding entry into typings cache: 'spdx-correct' => '/home/syfers/.cache/typescript/4.1/node_modules/@types/spdx-correct/index.d.ts'
[01:32:52.088] Adding entry into typings cache: 'spdx-expression-parse' => '/home/syfers/.cache/typescript/4.1/node_modules/@types/spdx-expression-parse/index.d.ts'
[01:32:52.089] Adding entry into typings cache: 'spdy' => '/home/syfers/.cache/typescript/4.1/node_modules/@types/spdy/index.d.ts'
[01:32:52.089] Adding entry into typings cache: 'sprintf' => '/home/syfers/.cache/typescript/4.1/node_modules/@types/sprintf/index.d.ts'
[01:32:52.089] Adding entry into typings cache: 'sprintf-js' => '/home/syfers/.cache/typescript/4.1/node_modules/@types/sprintf-js/index.d.ts'
[01:32:52.090] Adding entry into typings cache: 'sshpk' => '/home/syfers/.cache/typescript/4.1/node_modules/@types/sshpk/index.d.ts'
[01:32:52.090] Adding entry into typings cache: 'ssri' => '/home/syfers/.cache/typescript/4.1/node_modules/@types/ssri/index.d.ts'
[01:32:52.091] Adding entry into typings cache: 'statuses' => '/home/syfers/.cache/typescript/4.1/node_modules/@types/statuses/index.d.ts'
[01:32:52.091] Adding entry into typings cache: 'stream-each' => '/home/syfers/.cache/typescript/4.1/node_modules/@types/stream-each/index.d.ts'
[01:32:52.092] Adding entry into typings cache: 'stream-shift' => '/home/syfers/.cache/typescript/4.1/node_modules/@types/stream-shift/index.d.ts'
[01:32:52.092] Adding entry into typings cache: 'strict-uri-encode' => '/home/syfers/.cache/typescript/4.1/node_modules/@types/strict-uri-encode/index.d.ts'
[01:32:52.092] Adding entry into typings cache: 'strip-final-newline' => '/home/syfers/.cache/typescript/4.1/node_modules/@types/strip-final-newline/index.d.ts'
[01:32:52.093] Adding entry into typings cache: 'supports-color' => '/home/syfers/.cache/typescript/4.1/node_modules/@types/supports-color/index.d.ts'
[01:32:52.093] Adding entry into typings cache: 'svg-tags' => '/home/syfers/.cache/typescript/4.1/node_modules/@types/svg-tags/index.d.ts'
[01:32:52.094] Adding entry into typings cache: 'svgo' => '/home/syfers/.cache/typescript/4.1/node_modules/@types/svgo/index.d.ts'
[01:32:52.094] Adding entry into typings cache: 'tailwindcss' => '/home/syfers/.cache/typescript/4.1/node_modules/@types/tailwindcss/index.d.ts'
[01:32:52.095] Adding entry into typings cache: 'tapable' => '/home/syfers/.cache/typescript/4.1/node_modules/tapable/tapable.d.ts'
[01:32:52.095] Adding entry into typings cache: 'text-table' => '/home/syfers/.cache/typescript/4.1/node_modules/@types/text-table/index.d.ts'
[01:32:52.095] Adding entry into typings cache: 'through' => '/home/syfers/.cache/typescript/4.1/node_modules/@types/through/index.d.ts'
[01:32:52.096] Adding entry into typings cache: 'through2' => '/home/syfers/.cache/typescript/4.1/node_modules/@types/through2/index.d.ts'
[01:32:52.096] Adding entry into typings cache: 'thunky' => '/home/syfers/.cache/typescript/4.1/node_modules/@types/thunky/index.d.ts'
[01:32:52.096] Adding entry into typings cache: 'timsort' => '/home/syfers/.cache/typescript/4.1/node_modules/@types/timsort/index.d.ts'
[01:32:52.097] Adding entry into typings cache: 'tmp' => '/home/syfers/.cache/typescript/4.1/node_modules/@types/tmp/index.d.ts'
[01:32:52.097] Adding entry into typings cache: 'to-regex' => '/home/syfers/.cache/typescript/4.1/node_modules/@types/to-regex/index.d.ts'
[01:32:52.098] Adding entry into typings cache: 'to-regex-range' => '/home/syfers/.cache/typescript/4.1/node_modules/@types/to-regex-range/index.d.ts'
[01:32:52.098] Adding entry into typings cache: 'toposort' => '/home/syfers/.cache/typescript/4.1/node_modules/@types/toposort/index.d.ts'
[01:32:52.099] Adding entry into typings cache: 'tough-cookie' => '/home/syfers/.cache/typescript/4.1/node_modules/@types/tough-cookie/index.d.ts'
[01:32:52.099] Adding entry into typings cache: 'tryer' => '/home/syfers/.cache/typescript/4.1/node_modules/@types/tryer/index.d.ts'
[01:32:52.099] Adding entry into typings cache: 'type-check' => '/home/syfers/.cache/typescript/4.1/node_modules/@types/type-check/index.d.ts'
[01:32:52.099] Adding entry into typings cache: 'type-is' => '/home/syfers/.cache/typescript/4.1/node_modules/@types/type-is/index.d.ts'
[01:32:52.100] Adding entry into typings cache: 'uglify-js' => '/home/syfers/.cache/typescript/4.1/node_modules/@types/uglify-js/index.d.ts'
[01:32:52.100] Adding entry into typings cache: 'uniq' => '/home/syfers/.cache/typescript/4.1/node_modules/@types/uniq/index.d.ts'
[01:32:52.100] Adding entry into typings cache: 'universalify' => '/home/syfers/.cache/typescript/4.1/node_modules/@types/universalify/index.d.ts'
[01:32:52.101] Adding entry into typings cache: 'urix' => '/home/syfers/.cache/typescript/4.1/node_modules/@types/urix/index.d.ts'
[01:32:52.101] Adding entry into typings cache: 'url-parse' => '/home/syfers/.cache/typescript/4.1/node_modules/@types/url-parse/index.d.ts'
[01:32:52.101] Adding entry into typings cache: 'util-deprecate' => '/home/syfers/.cache/typescript/4.1/node_modules/@types/util-deprecate/index.d.ts'
[01:32:52.102] Adding entry into typings cache: 'util.promisify' => '/home/syfers/.cache/typescript/4.1/node_modules/@types/util.promisify/index.d.ts'
[01:32:52.102] Adding entry into typings cache: 'utils-merge' => '/home/syfers/.cache/typescript/4.1/node_modules/@types/utils-merge/index.d.ts'
[01:32:52.102] Adding entry into typings cache: 'uuid' => '/home/syfers/.cache/typescript/4.1/node_modules/@types/uuid/index.d.ts'
[01:32:52.102] Adding entry into typings cache: 'validate-npm-package-license' => '/home/syfers/.cache/typescript/4.1/node_modules/@types/validate-npm-package-license/index.d.ts'
[01:32:52.102] Adding entry into typings cache: 'vary' => '/home/syfers/.cache/typescript/4.1/node_modules/@types/vary/index.d.ts'
[01:32:52.103] Adding entry into typings cache: 'verror' => '/home/syfers/.cache/typescript/4.1/node_modules/@types/verror/index.d.ts'
[01:32:52.104] Adding entry into typings cache: 'watchpack' => '/home/syfers/.cache/typescript/4.1/node_modules/@types/watchpack/index.d.ts'
[01:32:52.104] Adding entry into typings cache: 'wcwidth' => '/home/syfers/.cache/typescript/4.1/node_modules/@types/wcwidth/index.d.ts'
[01:32:52.106] Adding entry into typings cache: 'webpack' => '/home/syfers/.cache/typescript/4.1/node_modules/webpack/types.d.ts'
[01:32:52.106] Adding entry into typings cache: 'webpack-bundle-analyzer' => '/home/syfers/.cache/typescript/4.1/node_modules/@types/webpack-bundle-analyzer/index.d.ts'
[01:32:52.107] Adding entry into typings cache: 'webpack-sources' => '/home/syfers/.cache/typescript/4.1/node_modules/@types/webpack-sources/index.d.ts'
[01:32:52.107] Adding entry into typings cache: 'which' => '/home/syfers/.cache/typescript/4.1/node_modules/@types/which/index.d.ts'
[01:32:52.108] Adding entry into typings cache: 'wrap-ansi' => '/home/syfers/.cache/typescript/4.1/node_modules/@types/wrap-ansi/index.d.ts'
[01:32:52.108] Adding entry into typings cache: 'write' => '/home/syfers/.cache/typescript/4.1/node_modules/@types/write/index.d.ts'
[01:32:52.109] Adding entry into typings cache: 'ws' => '/home/syfers/.cache/typescript/4.1/node_modules/@types/ws/index.d.ts'
[01:32:52.109] Adding entry into typings cache: 'xtend' => '/home/syfers/.cache/typescript/4.1/node_modules/@types/xtend/index.d.ts'
[01:32:52.109] Adding entry into typings cache: 'yallist' => '/home/syfers/.cache/typescript/4.1/node_modules/@types/yallist/index.d.ts'
[01:32:52.110] Adding entry into typings cache: 'yargs' => '/home/syfers/.cache/typescript/4.1/node_modules/@types/yargs/ts4.1/index.d.ts'
[01:32:52.110] Adding entry into typings cache: 'yargs-parser' => '/home/syfers/.cache/typescript/4.1/node_modules/@types/yargs-parser/index.d.ts'
[01:32:52.110] Finished processing cache location '/home/syfers/.cache/typescript/4.1'
[01:32:52.110] Process id: 240583
[01:32:52.110] NPM location: /usr/bin/npm (explicit '--npmLocation' not  provided)
[01:32:52.110] validateDefaultNpmLocation: false
[01:32:52.110] Npm config file: /home/syfers/.cache/typescript/4.1/package.json
[01:32:52.110] Updating types-registry npm package...
[01:32:52.110] Exec: /usr/bin/npm install --ignore-scripts types-registry@latest
[01:32:54.630]     Succeeded. stdout:
    
    up to date, audited 601 packages in 2s

11 packages are looking for funding
  run `npm fund` for details

3 high severity vulnerabilities

To address all issues (including breaking changes), run:
  npm audit fix --force

Run `npm audit` for details.

[01:32:54.630] Updated types-registry npm package
